2023-04-06 13:36:24,720 [Worker-7: Loading available Gradle versions] INFO  o.e.b.c.i.u.g.PublishedGradleVersions - Gradle version information cache is up-to-date. Trying to read.
2023-04-06 13:37:06,089 [Worker-13: Update Maven projects configuration] INFO  o.e.m.c.i.p.ProjectConfigurationManager - Update started
2023-04-06 13:37:06,563 [Worker-13: Update Maven projects configuration] INFO  o.e.m.c.i.l.LifecycleMappingFactory - Using org.eclipse.m2e.jdt.JarLifecycleMapping lifecycle mapping for MavenProject: iut.gon:tp2:1.0-SNAPSHOT @ /home/utilisateurs/lerosie221/CAMPUS/lerosie221/Documents/r2.02_ihm/tps/tp2/pom.xml.
2023-04-06 13:37:08,975 [Worker-13: Update Maven projects configuration] INFO  o.e.m.j.i.AbstractJavaProjectConfigurator - Adding source folder /tp2/src/main/java
2023-04-06 13:37:08,975 [Worker-13: Update Maven projects configuration] INFO  o.e.m.j.i.AbstractJavaProjectConfigurator - Adding resource folder /tp2/src/main/resources
2023-04-06 13:37:09,051 [Worker-13: Update Maven projects configuration] INFO  o.e.m.j.i.AbstractJavaProjectConfigurator - Adding source folder /tp2/src/test/java
2023-04-06 13:37:09,839 [Worker-3: Building] INFO  o.e.m.c.i.l.LifecycleMappingFactory - Using org.eclipse.m2e.jdt.JarLifecycleMapping lifecycle mapping for MavenProject: iut.gon:gribouille:0.0.1-SNAPSHOT @ /home/utilisateurs/lerosie221/CAMPUS/lerosie221/Documents/r2.02_ihm/tps/fx_22200954/gribouille/pom.xml.
2023-04-06 13:37:09,995 [Worker-3: Building] INFO  o.e.m.c.i.embedder.EclipseLogger - Using 'UTF-8' encoding to copy filtered resources.
2023-04-06 13:37:10,000 [Worker-3: Building] INFO  o.e.m.c.i.embedder.EclipseLogger - Copying 3 resources
2023-04-06 13:37:10,043 [Worker-3: Building] INFO  o.e.m.c.i.embedder.EclipseLogger - Using 'UTF-8' encoding to copy filtered resources.
2023-04-06 13:37:10,044 [Worker-3: Building] INFO  o.e.m.c.i.embedder.EclipseLogger - skip non existing resourceDirectory /home/utilisateurs/lerosie221/CAMPUS/lerosie221/Documents/r2.02_ihm/tps/fx_22200954/gribouille/src/test/resources
2023-04-06 13:37:10,940 [Worker-13: Update Maven projects configuration] INFO  o.e.m.c.i.p.ProjectConfigurationManager - Update completed: 4 sec
2023-04-06 13:37:10,941 [Worker-13: Update Maven projects configuration] INFO  o.e.m.c.i.p.ProjectConfigurationManager - Update started
2023-04-06 13:37:11,020 [Worker-13: Update Maven projects configuration] INFO  o.e.m.c.i.l.LifecycleMappingFactory - Using org.eclipse.m2e.jdt.JarLifecycleMapping lifecycle mapping for MavenProject: iut.gon:tp:0.0.1-SNAPSHOT @ /home/utilisateurs/lerosie221/CAMPUS/lerosie221/Documents/r2.02_ihm/tps/fx_22200954/tp/target/classes/META-INF/maven/iut.gon/tp/pom.xml.
2023-04-06 13:37:11,088 [Worker-13: Update Maven projects configuration] INFO  o.e.m.c.i.l.LifecycleMappingFactory - Using org.eclipse.m2e.jdt.JarLifecycleMapping lifecycle mapping for MavenProject: iut.gon:tp2:1.0-SNAPSHOT @ /home/utilisateurs/lerosie221/CAMPUS/lerosie221/Documents/r2.02_ihm/tps/tp2/pom.xml.
2023-04-06 13:37:11,339 [Worker-13: Update Maven projects configuration] INFO  o.e.m.j.i.AbstractJavaProjectConfigurator - Adding source folder /tp2/src/main/java
2023-04-06 13:37:11,340 [Worker-13: Update Maven projects configuration] INFO  o.e.m.j.i.AbstractJavaProjectConfigurator - Adding resource folder /tp2/src/main/resources
2023-04-06 13:37:11,343 [Worker-13: Update Maven projects configuration] INFO  o.e.m.j.i.AbstractJavaProjectConfigurator - Adding source folder /tp2/src/test/java
2023-04-06 13:37:11,549 [Worker-13: Update Maven projects configuration] INFO  o.e.m.j.i.AbstractJavaProjectConfigurator - Adding source folder /iut.gon_tp/src/main/java
2023-04-06 13:37:11,550 [Worker-13: Update Maven projects configuration] INFO  o.e.m.j.i.AbstractJavaProjectConfigurator - Adding source folder /iut.gon_tp/src/test/java
2023-04-06 13:37:11,918 [Worker-13: Update Maven projects configuration] INFO  o.e.m.c.i.p.ProjectConfigurationManager - Update completed: 0 sec
2023-04-06 13:37:12,322 [Worker-15: Building] INFO  o.e.m.c.i.embedder.EclipseLogger - Using 'UTF-8' encoding to copy filtered resources.
2023-04-06 13:37:12,336 [Worker-15: Building] INFO  o.e.m.c.i.embedder.EclipseLogger - Copying 3 resources
2023-04-06 13:37:12,370 [Worker-15: Building] INFO  o.e.m.c.i.embedder.EclipseLogger - Using 'UTF-8' encoding to copy filtered resources.
2023-04-06 13:37:12,372 [Worker-15: Building] INFO  o.e.m.c.i.embedder.EclipseLogger - skip non existing resourceDirectory /home/utilisateurs/lerosie221/CAMPUS/lerosie221/Documents/r2.02_ihm/tps/fx_22200954/gribouille/src/test/resources
2023-04-06 13:37:12,399 [Worker-16: Download sources and javadoc] INFO  o.e.m.c.i.e.AbstractTransferListenerAdapter - Downloading https://repo.maven.apache.org/maven2/org/openjfx/javafx-fxml/13/javafx-fxml-13-sources.jar
2023-04-06 13:37:12,420 [Worker-16: Download sources and javadoc] INFO  o.e.m.c.i.e.AbstractTransferListenerAdapter - Downloaded https://repo.maven.apache.org/maven2/org/openjfx/javafx-fxml/13/javafx-fxml-13-sources.jar
2023-04-06 13:37:12,421 [Worker-16: Download sources and javadoc] INFO  o.e.m.j.internal.DownloadSourcesJob - Downloaded sources for org.openjfx:javafx-fxml:13
2023-04-06 13:37:12,423 [Worker-16: Download sources and javadoc] INFO  o.e.m.j.internal.DownloadSourcesJob - Downloaded sources for org.openjfx:javafx-fxml:13linux
2023-04-06 13:37:12,641 [Worker-1: Building] INFO  o.e.m.c.i.embedder.EclipseLogger - Using 'UTF-8' encoding to copy filtered resources.
2023-04-06 13:37:12,642 [Worker-1: Building] INFO  o.e.m.c.i.embedder.EclipseLogger - skip non existing resourceDirectory /home/utilisateurs/lerosie221/CAMPUS/lerosie221/Documents/r2.02_ihm/tps/fx_22200954/tp/target/classes/META-INF/maven/iut.gon/tp/src/main/resources
2023-04-06 13:37:12,643 [Worker-1: Building] INFO  o.e.m.c.i.embedder.EclipseLogger - Using 'UTF-8' encoding to copy filtered resources.
2023-04-06 13:37:12,643 [Worker-1: Building] INFO  o.e.m.c.i.embedder.EclipseLogger - skip non existing resourceDirectory /home/utilisateurs/lerosie221/CAMPUS/lerosie221/Documents/r2.02_ihm/tps/fx_22200954/tp/target/classes/META-INF/maven/iut.gon/tp/src/test/resources
2023-04-06 13:37:12,899 [Worker-1: Building] INFO  o.e.m.c.i.embedder.EclipseLogger - Using 'UTF-8' encoding to copy filtered resources.
2023-04-06 13:37:12,901 [Worker-1: Building] INFO  o.e.m.c.i.embedder.EclipseLogger - Copying 1 resource
2023-04-06 13:37:12,925 [Worker-1: Building] INFO  o.e.m.c.i.embedder.EclipseLogger - Using 'UTF-8' encoding to copy filtered resources.
2023-04-06 13:37:12,927 [Worker-1: Building] INFO  o.e.m.c.i.embedder.EclipseLogger - skip non existing resourceDirectory /home/utilisateurs/lerosie221/CAMPUS/lerosie221/Documents/r2.02_ihm/tps/tp2/src/test/resources
