2023-04-20 22:41:50,840 [Worker-8: Loading available Gradle versions] INFO  o.e.b.c.i.u.g.PublishedGradleVersions - Gradle version information cache is up-to-date. Trying to read.
2023-04-20 22:44:08,380 [Worker-8: Launching mavenrun-87278ffe-7845-46d8-9ba0-05726ec2dbf2] INFO  o.eclipse.m2e.core.internal.Bundles - getClasspathEntries(Bundle=org.eclipse.m2e.maven.runtime_3.8.604.20221130-2149 [270])
2023-04-20 22:44:08,384 [Worker-8: Launching mavenrun-87278ffe-7845-46d8-9ba0-05726ec2dbf2] INFO  o.eclipse.m2e.core.internal.Bundles - 	Entry: C:\eclipse\plugins\org.eclipse.m2e.maven.runtime_3.8.604.20221130-2149
2023-04-20 22:44:08,384 [Worker-8: Launching mavenrun-87278ffe-7845-46d8-9ba0-05726ec2dbf2] INFO  o.eclipse.m2e.core.internal.Bundles - 	Entry: C:\eclipse\plugins\org.eclipse.m2e.maven.runtime_3.8.604.20221130-2149\jars\aether-connector-okhttp-0.17.8.jar
2023-04-20 22:44:08,385 [Worker-8: Launching mavenrun-87278ffe-7845-46d8-9ba0-05726ec2dbf2] INFO  o.eclipse.m2e.core.internal.Bundles - 	Entry: C:\eclipse\plugins\org.eclipse.m2e.maven.runtime_3.8.604.20221130-2149\jars\commons-cli-1.4.jar
2023-04-20 22:44:08,385 [Worker-8: Launching mavenrun-87278ffe-7845-46d8-9ba0-05726ec2dbf2] INFO  o.eclipse.m2e.core.internal.Bundles - 	Entry: C:\eclipse\plugins\org.eclipse.m2e.maven.runtime_3.8.604.20221130-2149\jars\commons-io-2.6.jar
2023-04-20 22:44:08,385 [Worker-8: Launching mavenrun-87278ffe-7845-46d8-9ba0-05726ec2dbf2] INFO  o.eclipse.m2e.core.internal.Bundles - 	Entry: C:\eclipse\plugins\org.eclipse.m2e.maven.runtime_3.8.604.20221130-2149\jars\commons-lang3-3.8.1.jar
2023-04-20 22:44:08,385 [Worker-8: Launching mavenrun-87278ffe-7845-46d8-9ba0-05726ec2dbf2] INFO  o.eclipse.m2e.core.internal.Bundles - 	Entry: C:\eclipse\plugins\org.eclipse.m2e.maven.runtime_3.8.604.20221130-2149\jars\guice-4.2.2-no_aop.jar
2023-04-20 22:44:08,385 [Worker-8: Launching mavenrun-87278ffe-7845-46d8-9ba0-05726ec2dbf2] INFO  o.eclipse.m2e.core.internal.Bundles - 	Entry: C:\eclipse\plugins\org.eclipse.m2e.maven.runtime_3.8.604.20221130-2149\jars\jansi-2.4.0.jar
2023-04-20 22:44:08,386 [Worker-8: Launching mavenrun-87278ffe-7845-46d8-9ba0-05726ec2dbf2] INFO  o.eclipse.m2e.core.internal.Bundles - 	Entry: C:\eclipse\plugins\org.eclipse.m2e.maven.runtime_3.8.604.20221130-2149\jars\maven-artifact-3.8.6.jar
2023-04-20 22:44:08,386 [Worker-8: Launching mavenrun-87278ffe-7845-46d8-9ba0-05726ec2dbf2] INFO  o.eclipse.m2e.core.internal.Bundles - 	Entry: C:\eclipse\plugins\org.eclipse.m2e.maven.runtime_3.8.604.20221130-2149\jars\maven-builder-support-3.8.6.jar
2023-04-20 22:44:08,386 [Worker-8: Launching mavenrun-87278ffe-7845-46d8-9ba0-05726ec2dbf2] INFO  o.eclipse.m2e.core.internal.Bundles - 	Entry: C:\eclipse\plugins\org.eclipse.m2e.maven.runtime_3.8.604.20221130-2149\jars\maven-compat-3.8.6.jar
2023-04-20 22:44:08,386 [Worker-8: Launching mavenrun-87278ffe-7845-46d8-9ba0-05726ec2dbf2] INFO  o.eclipse.m2e.core.internal.Bundles - 	Entry: C:\eclipse\plugins\org.eclipse.m2e.maven.runtime_3.8.604.20221130-2149\jars\maven-core-3.8.6.jar
2023-04-20 22:44:08,386 [Worker-8: Launching mavenrun-87278ffe-7845-46d8-9ba0-05726ec2dbf2] INFO  o.eclipse.m2e.core.internal.Bundles - 	Entry: C:\eclipse\plugins\org.eclipse.m2e.maven.runtime_3.8.604.20221130-2149\jars\maven-embedder-3.8.6.jar
2023-04-20 22:44:08,386 [Worker-8: Launching mavenrun-87278ffe-7845-46d8-9ba0-05726ec2dbf2] INFO  o.eclipse.m2e.core.internal.Bundles - 	Entry: C:\eclipse\plugins\org.eclipse.m2e.maven.runtime_3.8.604.20221130-2149\jars\maven-model-3.8.6.jar
2023-04-20 22:44:08,386 [Worker-8: Launching mavenrun-87278ffe-7845-46d8-9ba0-05726ec2dbf2] INFO  o.eclipse.m2e.core.internal.Bundles - 	Entry: C:\eclipse\plugins\org.eclipse.m2e.maven.runtime_3.8.604.20221130-2149\jars\maven-model-builder-3.8.6.jar
2023-04-20 22:44:08,386 [Worker-8: Launching mavenrun-87278ffe-7845-46d8-9ba0-05726ec2dbf2] INFO  o.eclipse.m2e.core.internal.Bundles - 	Entry: C:\eclipse\plugins\org.eclipse.m2e.maven.runtime_3.8.604.20221130-2149\jars\maven-plugin-api-3.8.6.jar
2023-04-20 22:44:08,387 [Worker-8: Launching mavenrun-87278ffe-7845-46d8-9ba0-05726ec2dbf2] INFO  o.eclipse.m2e.core.internal.Bundles - 	Entry: C:\eclipse\plugins\org.eclipse.m2e.maven.runtime_3.8.604.20221130-2149\jars\maven-repository-metadata-3.8.6.jar
2023-04-20 22:44:08,387 [Worker-8: Launching mavenrun-87278ffe-7845-46d8-9ba0-05726ec2dbf2] INFO  o.eclipse.m2e.core.internal.Bundles - 	Entry: C:\eclipse\plugins\org.eclipse.m2e.maven.runtime_3.8.604.20221130-2149\jars\maven-resolver-api-1.6.3.jar
2023-04-20 22:44:08,387 [Worker-8: Launching mavenrun-87278ffe-7845-46d8-9ba0-05726ec2dbf2] INFO  o.eclipse.m2e.core.internal.Bundles - 	Entry: C:\eclipse\plugins\org.eclipse.m2e.maven.runtime_3.8.604.20221130-2149\jars\maven-resolver-connector-basic-1.6.3.jar
2023-04-20 22:44:08,387 [Worker-8: Launching mavenrun-87278ffe-7845-46d8-9ba0-05726ec2dbf2] INFO  o.eclipse.m2e.core.internal.Bundles - 	Entry: C:\eclipse\plugins\org.eclipse.m2e.maven.runtime_3.8.604.20221130-2149\jars\maven-resolver-impl-1.6.3.jar
2023-04-20 22:44:08,387 [Worker-8: Launching mavenrun-87278ffe-7845-46d8-9ba0-05726ec2dbf2] INFO  o.eclipse.m2e.core.internal.Bundles - 	Entry: C:\eclipse\plugins\org.eclipse.m2e.maven.runtime_3.8.604.20221130-2149\jars\maven-resolver-provider-3.8.6.jar
2023-04-20 22:44:08,387 [Worker-8: Launching mavenrun-87278ffe-7845-46d8-9ba0-05726ec2dbf2] INFO  o.eclipse.m2e.core.internal.Bundles - 	Entry: C:\eclipse\plugins\org.eclipse.m2e.maven.runtime_3.8.604.20221130-2149\jars\maven-resolver-spi-1.6.3.jar
2023-04-20 22:44:08,387 [Worker-8: Launching mavenrun-87278ffe-7845-46d8-9ba0-05726ec2dbf2] INFO  o.eclipse.m2e.core.internal.Bundles - 	Entry: C:\eclipse\plugins\org.eclipse.m2e.maven.runtime_3.8.604.20221130-2149\jars\maven-resolver-transport-wagon-1.6.3.jar
2023-04-20 22:44:08,387 [Worker-8: Launching mavenrun-87278ffe-7845-46d8-9ba0-05726ec2dbf2] INFO  o.eclipse.m2e.core.internal.Bundles - 	Entry: C:\eclipse\plugins\org.eclipse.m2e.maven.runtime_3.8.604.20221130-2149\jars\maven-resolver-util-1.6.3.jar
2023-04-20 22:44:08,388 [Worker-8: Launching mavenrun-87278ffe-7845-46d8-9ba0-05726ec2dbf2] INFO  o.eclipse.m2e.core.internal.Bundles - 	Entry: C:\eclipse\plugins\org.eclipse.m2e.maven.runtime_3.8.604.20221130-2149\jars\maven-settings-3.8.6.jar
2023-04-20 22:44:08,388 [Worker-8: Launching mavenrun-87278ffe-7845-46d8-9ba0-05726ec2dbf2] INFO  o.eclipse.m2e.core.internal.Bundles - 	Entry: C:\eclipse\plugins\org.eclipse.m2e.maven.runtime_3.8.604.20221130-2149\jars\maven-settings-builder-3.8.6.jar
2023-04-20 22:44:08,388 [Worker-8: Launching mavenrun-87278ffe-7845-46d8-9ba0-05726ec2dbf2] INFO  o.eclipse.m2e.core.internal.Bundles - 	Entry: C:\eclipse\plugins\org.eclipse.m2e.maven.runtime_3.8.604.20221130-2149\jars\maven-shared-utils-3.3.4.jar
2023-04-20 22:44:08,388 [Worker-8: Launching mavenrun-87278ffe-7845-46d8-9ba0-05726ec2dbf2] INFO  o.eclipse.m2e.core.internal.Bundles - 	Entry: C:\eclipse\plugins\org.eclipse.m2e.maven.runtime_3.8.604.20221130-2149\jars\okhttp-3.14.1.jar
2023-04-20 22:44:08,388 [Worker-8: Launching mavenrun-87278ffe-7845-46d8-9ba0-05726ec2dbf2] INFO  o.eclipse.m2e.core.internal.Bundles - 	Entry: C:\eclipse\plugins\org.eclipse.m2e.maven.runtime_3.8.604.20221130-2149\jars\okio-1.17.3.jar
2023-04-20 22:44:08,388 [Worker-8: Launching mavenrun-87278ffe-7845-46d8-9ba0-05726ec2dbf2] INFO  o.eclipse.m2e.core.internal.Bundles - 	Entry: C:\eclipse\plugins\org.eclipse.m2e.maven.runtime_3.8.604.20221130-2149\jars\org.eclipse.sisu.inject-0.3.5.jar
2023-04-20 22:44:08,388 [Worker-8: Launching mavenrun-87278ffe-7845-46d8-9ba0-05726ec2dbf2] INFO  o.eclipse.m2e.core.internal.Bundles - 	Entry: C:\eclipse\plugins\org.eclipse.m2e.maven.runtime_3.8.604.20221130-2149\jars\org.eclipse.sisu.plexus-0.3.5.jar
2023-04-20 22:44:08,389 [Worker-8: Launching mavenrun-87278ffe-7845-46d8-9ba0-05726ec2dbf2] INFO  o.eclipse.m2e.core.internal.Bundles - 	Entry: C:\eclipse\plugins\org.eclipse.m2e.maven.runtime_3.8.604.20221130-2149\jars\plexus-build-api-0.0.7.jar
2023-04-20 22:44:08,389 [Worker-8: Launching mavenrun-87278ffe-7845-46d8-9ba0-05726ec2dbf2] INFO  o.eclipse.m2e.core.internal.Bundles - 	Entry: C:\eclipse\plugins\org.eclipse.m2e.maven.runtime_3.8.604.20221130-2149\jars\plexus-cipher-2.0.jar
2023-04-20 22:44:08,389 [Worker-8: Launching mavenrun-87278ffe-7845-46d8-9ba0-05726ec2dbf2] INFO  o.eclipse.m2e.core.internal.Bundles - 	Entry: C:\eclipse\plugins\org.eclipse.m2e.maven.runtime_3.8.604.20221130-2149\jars\plexus-classworlds-2.6.0.jar
2023-04-20 22:44:08,389 [Worker-8: Launching mavenrun-87278ffe-7845-46d8-9ba0-05726ec2dbf2] INFO  o.eclipse.m2e.core.internal.Bundles - 	Entry: C:\eclipse\plugins\org.eclipse.m2e.maven.runtime_3.8.604.20221130-2149\jars\plexus-component-annotations-2.1.0.jar
2023-04-20 22:44:08,389 [Worker-8: Launching mavenrun-87278ffe-7845-46d8-9ba0-05726ec2dbf2] INFO  o.eclipse.m2e.core.internal.Bundles - 	Entry: C:\eclipse\plugins\org.eclipse.m2e.maven.runtime_3.8.604.20221130-2149\jars\plexus-interpolation-1.26.jar
2023-04-20 22:44:08,389 [Worker-8: Launching mavenrun-87278ffe-7845-46d8-9ba0-05726ec2dbf2] INFO  o.eclipse.m2e.core.internal.Bundles - 	Entry: C:\eclipse\plugins\org.eclipse.m2e.maven.runtime_3.8.604.20221130-2149\jars\plexus-sec-dispatcher-2.0.jar
2023-04-20 22:44:08,389 [Worker-8: Launching mavenrun-87278ffe-7845-46d8-9ba0-05726ec2dbf2] INFO  o.eclipse.m2e.core.internal.Bundles - 	Entry: C:\eclipse\plugins\org.eclipse.m2e.maven.runtime_3.8.604.20221130-2149\jars\plexus-utils-3.3.1.jar
2023-04-20 22:44:08,389 [Worker-8: Launching mavenrun-87278ffe-7845-46d8-9ba0-05726ec2dbf2] INFO  o.eclipse.m2e.core.internal.Bundles - 	Entry: C:\eclipse\plugins\org.eclipse.m2e.maven.runtime_3.8.604.20221130-2149\jars\wagon-file-3.5.1.jar
2023-04-20 22:44:08,390 [Worker-8: Launching mavenrun-87278ffe-7845-46d8-9ba0-05726ec2dbf2] INFO  o.eclipse.m2e.core.internal.Bundles - 	Entry: C:\eclipse\plugins\org.eclipse.m2e.maven.runtime_3.8.604.20221130-2149\jars\wagon-provider-api-3.5.1.jar
2023-04-20 22:44:08,391 [Worker-8: Launching mavenrun-87278ffe-7845-46d8-9ba0-05726ec2dbf2] INFO  o.eclipse.m2e.core.internal.Bundles - getClasspathEntries(Bundle=com.google.guava_30.1.0.v20221112-0806 [8])
2023-04-20 22:44:08,392 [Worker-8: Launching mavenrun-87278ffe-7845-46d8-9ba0-05726ec2dbf2] INFO  o.eclipse.m2e.core.internal.Bundles - 	Entry: C:\eclipse\plugins\com.google.guava_30.1.0.v20221112-0806.jar
2023-04-20 22:44:08,392 [Worker-8: Launching mavenrun-87278ffe-7845-46d8-9ba0-05726ec2dbf2] INFO  o.eclipse.m2e.core.internal.Bundles - getClasspathEntries(Bundle=slf4j.api_1.7.36 [434])
2023-04-20 22:44:08,393 [Worker-8: Launching mavenrun-87278ffe-7845-46d8-9ba0-05726ec2dbf2] INFO  o.eclipse.m2e.core.internal.Bundles - 	Entry: C:\eclipse\plugins\slf4j.api_1.7.36.jar
2023-04-20 22:44:08,393 [Worker-8: Launching mavenrun-87278ffe-7845-46d8-9ba0-05726ec2dbf2] INFO  o.eclipse.m2e.core.internal.Bundles - getClasspathEntries(Bundle=javax.inject_1.0.0.v20220405-0441 [18])
2023-04-20 22:44:08,393 [Worker-8: Launching mavenrun-87278ffe-7845-46d8-9ba0-05726ec2dbf2] INFO  o.eclipse.m2e.core.internal.Bundles - 	Entry: C:\eclipse\plugins\javax.inject_1.0.0.v20220405-0441.jar
2023-04-20 22:44:08,393 [Worker-8: Launching mavenrun-87278ffe-7845-46d8-9ba0-05726ec2dbf2] INFO  o.eclipse.m2e.core.internal.Bundles - getClasspathEntries(Bundle=javax.annotation_1.3.5.v20221112-0806 [16])
2023-04-20 22:44:08,394 [Worker-8: Launching mavenrun-87278ffe-7845-46d8-9ba0-05726ec2dbf2] INFO  o.eclipse.m2e.core.internal.Bundles - 	Entry: C:\eclipse\plugins\javax.annotation_1.3.5.v20221112-0806.jar
2023-04-20 22:44:08,400 [Worker-8: Launching mavenrun-87278ffe-7845-46d8-9ba0-05726ec2dbf2] INFO  o.e.m.i.launch.MavenLaunchDelegate - Run build in "C:\Users\alexl\AppData\Local\Temp\m2e-archetypeGenerator16825300964744821620":
2023-04-20 22:44:08,403 [Worker-8: Launching mavenrun-87278ffe-7845-46d8-9ba0-05726ec2dbf2] INFO  o.e.m.i.launch.MavenLaunchDelegate -  mvn  -Djavafx-version=19.0.2.1 -Djavafx-maven-plugin-version=0.0.6 -Dadd-debug-configuration=N -DarchetypeGroupId=org.openjfx -DarchetypeArtifactId=javafx-archetype-simple -DarchetypeVersion=0.0.6 -DgroupId=iut.gon -DartifactId=tp3 -Dversion=0.0.1-SNAPSHOT -Dpackage=tp3 -DoutputDirectory=C:\Users\alexl\Documents\AAAA_docs\iut\s2\r2.02_ihm\tps\fx_22200954 -Dstyle.color=always -U archetype:generate
2023-04-20 22:50:25,077 [Worker-1: Loading available Gradle versions] INFO  o.e.b.c.i.u.g.PublishedGradleVersions - Gradle version information cache is up-to-date. Trying to read.
2023-04-20 22:51:28,126 [Worker-2: Launching mavenrun-85f2d68d-28cb-48d9-9e0e-f2ee8436e57f] INFO  o.eclipse.m2e.core.internal.Bundles - getClasspathEntries(Bundle=org.eclipse.m2e.maven.runtime_3.8.604.20221130-2149 [270])
2023-04-20 22:51:28,130 [Worker-2: Launching mavenrun-85f2d68d-28cb-48d9-9e0e-f2ee8436e57f] INFO  o.eclipse.m2e.core.internal.Bundles - 	Entry: C:\eclipse\plugins\org.eclipse.m2e.maven.runtime_3.8.604.20221130-2149
2023-04-20 22:51:28,131 [Worker-2: Launching mavenrun-85f2d68d-28cb-48d9-9e0e-f2ee8436e57f] INFO  o.eclipse.m2e.core.internal.Bundles - 	Entry: C:\eclipse\plugins\org.eclipse.m2e.maven.runtime_3.8.604.20221130-2149\jars\aether-connector-okhttp-0.17.8.jar
2023-04-20 22:51:28,132 [Worker-2: Launching mavenrun-85f2d68d-28cb-48d9-9e0e-f2ee8436e57f] INFO  o.eclipse.m2e.core.internal.Bundles - 	Entry: C:\eclipse\plugins\org.eclipse.m2e.maven.runtime_3.8.604.20221130-2149\jars\commons-cli-1.4.jar
2023-04-20 22:51:28,132 [Worker-2: Launching mavenrun-85f2d68d-28cb-48d9-9e0e-f2ee8436e57f] INFO  o.eclipse.m2e.core.internal.Bundles - 	Entry: C:\eclipse\plugins\org.eclipse.m2e.maven.runtime_3.8.604.20221130-2149\jars\commons-io-2.6.jar
2023-04-20 22:51:28,132 [Worker-2: Launching mavenrun-85f2d68d-28cb-48d9-9e0e-f2ee8436e57f] INFO  o.eclipse.m2e.core.internal.Bundles - 	Entry: C:\eclipse\plugins\org.eclipse.m2e.maven.runtime_3.8.604.20221130-2149\jars\commons-lang3-3.8.1.jar
2023-04-20 22:51:28,132 [Worker-2: Launching mavenrun-85f2d68d-28cb-48d9-9e0e-f2ee8436e57f] INFO  o.eclipse.m2e.core.internal.Bundles - 	Entry: C:\eclipse\plugins\org.eclipse.m2e.maven.runtime_3.8.604.20221130-2149\jars\guice-4.2.2-no_aop.jar
2023-04-20 22:51:28,133 [Worker-2: Launching mavenrun-85f2d68d-28cb-48d9-9e0e-f2ee8436e57f] INFO  o.eclipse.m2e.core.internal.Bundles - 	Entry: C:\eclipse\plugins\org.eclipse.m2e.maven.runtime_3.8.604.20221130-2149\jars\jansi-2.4.0.jar
2023-04-20 22:51:28,133 [Worker-2: Launching mavenrun-85f2d68d-28cb-48d9-9e0e-f2ee8436e57f] INFO  o.eclipse.m2e.core.internal.Bundles - 	Entry: C:\eclipse\plugins\org.eclipse.m2e.maven.runtime_3.8.604.20221130-2149\jars\maven-artifact-3.8.6.jar
2023-04-20 22:51:28,133 [Worker-2: Launching mavenrun-85f2d68d-28cb-48d9-9e0e-f2ee8436e57f] INFO  o.eclipse.m2e.core.internal.Bundles - 	Entry: C:\eclipse\plugins\org.eclipse.m2e.maven.runtime_3.8.604.20221130-2149\jars\maven-builder-support-3.8.6.jar
2023-04-20 22:51:28,133 [Worker-2: Launching mavenrun-85f2d68d-28cb-48d9-9e0e-f2ee8436e57f] INFO  o.eclipse.m2e.core.internal.Bundles - 	Entry: C:\eclipse\plugins\org.eclipse.m2e.maven.runtime_3.8.604.20221130-2149\jars\maven-compat-3.8.6.jar
2023-04-20 22:51:28,142 [Worker-2: Launching mavenrun-85f2d68d-28cb-48d9-9e0e-f2ee8436e57f] INFO  o.eclipse.m2e.core.internal.Bundles - 	Entry: C:\eclipse\plugins\org.eclipse.m2e.maven.runtime_3.8.604.20221130-2149\jars\maven-core-3.8.6.jar
2023-04-20 22:51:28,143 [Worker-2: Launching mavenrun-85f2d68d-28cb-48d9-9e0e-f2ee8436e57f] INFO  o.eclipse.m2e.core.internal.Bundles - 	Entry: C:\eclipse\plugins\org.eclipse.m2e.maven.runtime_3.8.604.20221130-2149\jars\maven-embedder-3.8.6.jar
2023-04-20 22:51:28,143 [Worker-2: Launching mavenrun-85f2d68d-28cb-48d9-9e0e-f2ee8436e57f] INFO  o.eclipse.m2e.core.internal.Bundles - 	Entry: C:\eclipse\plugins\org.eclipse.m2e.maven.runtime_3.8.604.20221130-2149\jars\maven-model-3.8.6.jar
2023-04-20 22:51:28,143 [Worker-2: Launching mavenrun-85f2d68d-28cb-48d9-9e0e-f2ee8436e57f] INFO  o.eclipse.m2e.core.internal.Bundles - 	Entry: C:\eclipse\plugins\org.eclipse.m2e.maven.runtime_3.8.604.20221130-2149\jars\maven-model-builder-3.8.6.jar
2023-04-20 22:51:28,143 [Worker-2: Launching mavenrun-85f2d68d-28cb-48d9-9e0e-f2ee8436e57f] INFO  o.eclipse.m2e.core.internal.Bundles - 	Entry: C:\eclipse\plugins\org.eclipse.m2e.maven.runtime_3.8.604.20221130-2149\jars\maven-plugin-api-3.8.6.jar
2023-04-20 22:51:28,143 [Worker-2: Launching mavenrun-85f2d68d-28cb-48d9-9e0e-f2ee8436e57f] INFO  o.eclipse.m2e.core.internal.Bundles - 	Entry: C:\eclipse\plugins\org.eclipse.m2e.maven.runtime_3.8.604.20221130-2149\jars\maven-repository-metadata-3.8.6.jar
2023-04-20 22:51:28,144 [Worker-2: Launching mavenrun-85f2d68d-28cb-48d9-9e0e-f2ee8436e57f] INFO  o.eclipse.m2e.core.internal.Bundles - 	Entry: C:\eclipse\plugins\org.eclipse.m2e.maven.runtime_3.8.604.20221130-2149\jars\maven-resolver-api-1.6.3.jar
2023-04-20 22:51:28,144 [Worker-2: Launching mavenrun-85f2d68d-28cb-48d9-9e0e-f2ee8436e57f] INFO  o.eclipse.m2e.core.internal.Bundles - 	Entry: C:\eclipse\plugins\org.eclipse.m2e.maven.runtime_3.8.604.20221130-2149\jars\maven-resolver-connector-basic-1.6.3.jar
2023-04-20 22:51:28,144 [Worker-2: Launching mavenrun-85f2d68d-28cb-48d9-9e0e-f2ee8436e57f] INFO  o.eclipse.m2e.core.internal.Bundles - 	Entry: C:\eclipse\plugins\org.eclipse.m2e.maven.runtime_3.8.604.20221130-2149\jars\maven-resolver-impl-1.6.3.jar
2023-04-20 22:51:28,144 [Worker-2: Launching mavenrun-85f2d68d-28cb-48d9-9e0e-f2ee8436e57f] INFO  o.eclipse.m2e.core.internal.Bundles - 	Entry: C:\eclipse\plugins\org.eclipse.m2e.maven.runtime_3.8.604.20221130-2149\jars\maven-resolver-provider-3.8.6.jar
2023-04-20 22:51:28,144 [Worker-2: Launching mavenrun-85f2d68d-28cb-48d9-9e0e-f2ee8436e57f] INFO  o.eclipse.m2e.core.internal.Bundles - 	Entry: C:\eclipse\plugins\org.eclipse.m2e.maven.runtime_3.8.604.20221130-2149\jars\maven-resolver-spi-1.6.3.jar
2023-04-20 22:51:28,144 [Worker-2: Launching mavenrun-85f2d68d-28cb-48d9-9e0e-f2ee8436e57f] INFO  o.eclipse.m2e.core.internal.Bundles - 	Entry: C:\eclipse\plugins\org.eclipse.m2e.maven.runtime_3.8.604.20221130-2149\jars\maven-resolver-transport-wagon-1.6.3.jar
2023-04-20 22:51:28,145 [Worker-2: Launching mavenrun-85f2d68d-28cb-48d9-9e0e-f2ee8436e57f] INFO  o.eclipse.m2e.core.internal.Bundles - 	Entry: C:\eclipse\plugins\org.eclipse.m2e.maven.runtime_3.8.604.20221130-2149\jars\maven-resolver-util-1.6.3.jar
2023-04-20 22:51:28,145 [Worker-2: Launching mavenrun-85f2d68d-28cb-48d9-9e0e-f2ee8436e57f] INFO  o.eclipse.m2e.core.internal.Bundles - 	Entry: C:\eclipse\plugins\org.eclipse.m2e.maven.runtime_3.8.604.20221130-2149\jars\maven-settings-3.8.6.jar
2023-04-20 22:51:28,145 [Worker-2: Launching mavenrun-85f2d68d-28cb-48d9-9e0e-f2ee8436e57f] INFO  o.eclipse.m2e.core.internal.Bundles - 	Entry: C:\eclipse\plugins\org.eclipse.m2e.maven.runtime_3.8.604.20221130-2149\jars\maven-settings-builder-3.8.6.jar
2023-04-20 22:51:28,145 [Worker-2: Launching mavenrun-85f2d68d-28cb-48d9-9e0e-f2ee8436e57f] INFO  o.eclipse.m2e.core.internal.Bundles - 	Entry: C:\eclipse\plugins\org.eclipse.m2e.maven.runtime_3.8.604.20221130-2149\jars\maven-shared-utils-3.3.4.jar
2023-04-20 22:51:28,145 [Worker-2: Launching mavenrun-85f2d68d-28cb-48d9-9e0e-f2ee8436e57f] INFO  o.eclipse.m2e.core.internal.Bundles - 	Entry: C:\eclipse\plugins\org.eclipse.m2e.maven.runtime_3.8.604.20221130-2149\jars\okhttp-3.14.1.jar
2023-04-20 22:51:28,145 [Worker-2: Launching mavenrun-85f2d68d-28cb-48d9-9e0e-f2ee8436e57f] INFO  o.eclipse.m2e.core.internal.Bundles - 	Entry: C:\eclipse\plugins\org.eclipse.m2e.maven.runtime_3.8.604.20221130-2149\jars\okio-1.17.3.jar
2023-04-20 22:51:28,145 [Worker-2: Launching mavenrun-85f2d68d-28cb-48d9-9e0e-f2ee8436e57f] INFO  o.eclipse.m2e.core.internal.Bundles - 	Entry: C:\eclipse\plugins\org.eclipse.m2e.maven.runtime_3.8.604.20221130-2149\jars\org.eclipse.sisu.inject-0.3.5.jar
2023-04-20 22:51:28,145 [Worker-2: Launching mavenrun-85f2d68d-28cb-48d9-9e0e-f2ee8436e57f] INFO  o.eclipse.m2e.core.internal.Bundles - 	Entry: C:\eclipse\plugins\org.eclipse.m2e.maven.runtime_3.8.604.20221130-2149\jars\org.eclipse.sisu.plexus-0.3.5.jar
2023-04-20 22:51:28,147 [Worker-2: Launching mavenrun-85f2d68d-28cb-48d9-9e0e-f2ee8436e57f] INFO  o.eclipse.m2e.core.internal.Bundles - 	Entry: C:\eclipse\plugins\org.eclipse.m2e.maven.runtime_3.8.604.20221130-2149\jars\plexus-build-api-0.0.7.jar
2023-04-20 22:51:28,147 [Worker-2: Launching mavenrun-85f2d68d-28cb-48d9-9e0e-f2ee8436e57f] INFO  o.eclipse.m2e.core.internal.Bundles - 	Entry: C:\eclipse\plugins\org.eclipse.m2e.maven.runtime_3.8.604.20221130-2149\jars\plexus-cipher-2.0.jar
2023-04-20 22:51:28,147 [Worker-2: Launching mavenrun-85f2d68d-28cb-48d9-9e0e-f2ee8436e57f] INFO  o.eclipse.m2e.core.internal.Bundles - 	Entry: C:\eclipse\plugins\org.eclipse.m2e.maven.runtime_3.8.604.20221130-2149\jars\plexus-classworlds-2.6.0.jar
2023-04-20 22:51:28,147 [Worker-2: Launching mavenrun-85f2d68d-28cb-48d9-9e0e-f2ee8436e57f] INFO  o.eclipse.m2e.core.internal.Bundles - 	Entry: C:\eclipse\plugins\org.eclipse.m2e.maven.runtime_3.8.604.20221130-2149\jars\plexus-component-annotations-2.1.0.jar
2023-04-20 22:51:28,147 [Worker-2: Launching mavenrun-85f2d68d-28cb-48d9-9e0e-f2ee8436e57f] INFO  o.eclipse.m2e.core.internal.Bundles - 	Entry: C:\eclipse\plugins\org.eclipse.m2e.maven.runtime_3.8.604.20221130-2149\jars\plexus-interpolation-1.26.jar
2023-04-20 22:51:28,147 [Worker-2: Launching mavenrun-85f2d68d-28cb-48d9-9e0e-f2ee8436e57f] INFO  o.eclipse.m2e.core.internal.Bundles - 	Entry: C:\eclipse\plugins\org.eclipse.m2e.maven.runtime_3.8.604.20221130-2149\jars\plexus-sec-dispatcher-2.0.jar
2023-04-20 22:51:28,148 [Worker-2: Launching mavenrun-85f2d68d-28cb-48d9-9e0e-f2ee8436e57f] INFO  o.eclipse.m2e.core.internal.Bundles - 	Entry: C:\eclipse\plugins\org.eclipse.m2e.maven.runtime_3.8.604.20221130-2149\jars\plexus-utils-3.3.1.jar
2023-04-20 22:51:28,148 [Worker-2: Launching mavenrun-85f2d68d-28cb-48d9-9e0e-f2ee8436e57f] INFO  o.eclipse.m2e.core.internal.Bundles - 	Entry: C:\eclipse\plugins\org.eclipse.m2e.maven.runtime_3.8.604.20221130-2149\jars\wagon-file-3.5.1.jar
2023-04-20 22:51:28,148 [Worker-2: Launching mavenrun-85f2d68d-28cb-48d9-9e0e-f2ee8436e57f] INFO  o.eclipse.m2e.core.internal.Bundles - 	Entry: C:\eclipse\plugins\org.eclipse.m2e.maven.runtime_3.8.604.20221130-2149\jars\wagon-provider-api-3.5.1.jar
2023-04-20 22:51:28,150 [Worker-2: Launching mavenrun-85f2d68d-28cb-48d9-9e0e-f2ee8436e57f] INFO  o.eclipse.m2e.core.internal.Bundles - getClasspathEntries(Bundle=com.google.guava_30.1.0.v20221112-0806 [8])
2023-04-20 22:51:28,150 [Worker-2: Launching mavenrun-85f2d68d-28cb-48d9-9e0e-f2ee8436e57f] INFO  o.eclipse.m2e.core.internal.Bundles - 	Entry: C:\eclipse\plugins\com.google.guava_30.1.0.v20221112-0806.jar
2023-04-20 22:51:28,150 [Worker-2: Launching mavenrun-85f2d68d-28cb-48d9-9e0e-f2ee8436e57f] INFO  o.eclipse.m2e.core.internal.Bundles - getClasspathEntries(Bundle=slf4j.api_1.7.36 [434])
2023-04-20 22:51:28,151 [Worker-2: Launching mavenrun-85f2d68d-28cb-48d9-9e0e-f2ee8436e57f] INFO  o.eclipse.m2e.core.internal.Bundles - 	Entry: C:\eclipse\plugins\slf4j.api_1.7.36.jar
2023-04-20 22:51:28,151 [Worker-2: Launching mavenrun-85f2d68d-28cb-48d9-9e0e-f2ee8436e57f] INFO  o.eclipse.m2e.core.internal.Bundles - getClasspathEntries(Bundle=javax.inject_1.0.0.v20220405-0441 [18])
2023-04-20 22:51:28,153 [Worker-2: Launching mavenrun-85f2d68d-28cb-48d9-9e0e-f2ee8436e57f] INFO  o.eclipse.m2e.core.internal.Bundles - 	Entry: C:\eclipse\plugins\javax.inject_1.0.0.v20220405-0441.jar
2023-04-20 22:51:28,153 [Worker-2: Launching mavenrun-85f2d68d-28cb-48d9-9e0e-f2ee8436e57f] INFO  o.eclipse.m2e.core.internal.Bundles - getClasspathEntries(Bundle=javax.annotation_1.3.5.v20221112-0806 [16])
2023-04-20 22:51:28,153 [Worker-2: Launching mavenrun-85f2d68d-28cb-48d9-9e0e-f2ee8436e57f] INFO  o.eclipse.m2e.core.internal.Bundles - 	Entry: C:\eclipse\plugins\javax.annotation_1.3.5.v20221112-0806.jar
2023-04-20 22:51:28,159 [Worker-2: Launching mavenrun-85f2d68d-28cb-48d9-9e0e-f2ee8436e57f] INFO  o.e.m.i.launch.MavenLaunchDelegate - Run build in "C:\Users\alexl\AppData\Local\Temp\m2e-archetypeGenerator5565854027400076386":
2023-04-20 22:51:28,162 [Worker-2: Launching mavenrun-85f2d68d-28cb-48d9-9e0e-f2ee8436e57f] INFO  o.e.m.i.launch.MavenLaunchDelegate -  mvn  -Djavafx-version=19.0.2.1 -Djavafx-maven-plugin-version=0.0.6 -Dadd-debug-configuration=N -DarchetypeGroupId=org.openjfx -DarchetypeArtifactId=javafx-archetype-simple -DarchetypeVersion=0.0.6 -DgroupId=iut.gon -DartifactId=tp3 -Dversion=0.0.1-SNAPSHOT -Dpackage=tp3 -DoutputDirectory=C:\Users\alexl\Documents\AAAA_docs\iut\s2\r2.02_ihm\tps\fx_22200954 -Dstyle.color=always -U archetype:generate
2023-04-21 12:05:06,894 [Worker-2: Loading available Gradle versions] INFO  o.e.b.c.i.u.g.PublishedGradleVersions - Gradle version information cache is up-to-date. Trying to read.
2023-04-21 12:08:11,861 [ModalContext] INFO  o.e.m.c.i.e.AbstractTransferListenerAdapter - Downloading https://repo.maven.apache.org/maven2/org/openjfx/javafx-archetype-fxml/0.0.6/javafx-archetype-fxml-0.0.6.pom
2023-04-21 12:08:11,888 [ModalContext] INFO  o.e.m.c.i.e.AbstractTransferListenerAdapter - Downloaded https://repo.maven.apache.org/maven2/org/openjfx/javafx-archetype-fxml/0.0.6/javafx-archetype-fxml-0.0.6.pom
2023-04-21 12:08:11,965 [ModalContext] INFO  o.e.m.c.i.e.AbstractTransferListenerAdapter - Downloading https://repo.maven.apache.org/maven2/org/openjfx/javafx-archetype-fxml/0.0.6/javafx-archetype-fxml-0.0.6.jar
2023-04-21 12:08:11,983 [ModalContext] INFO  o.e.m.c.i.e.AbstractTransferListenerAdapter - Downloaded https://repo.maven.apache.org/maven2/org/openjfx/javafx-archetype-fxml/0.0.6/javafx-archetype-fxml-0.0.6.jar
2023-04-21 12:08:30,075 [Worker-32: Launching mavenrun-d149d4a0-f045-4bc7-9cda-367429ca5f76] INFO  o.eclipse.m2e.core.internal.Bundles - getClasspathEntries(Bundle=org.eclipse.m2e.maven.runtime_3.8.604.20221130-2149 [270])
2023-04-21 12:08:30,082 [Worker-32: Launching mavenrun-d149d4a0-f045-4bc7-9cda-367429ca5f76] INFO  o.eclipse.m2e.core.internal.Bundles - 	Entry: C:\eclipse\plugins\org.eclipse.m2e.maven.runtime_3.8.604.20221130-2149
2023-04-21 12:08:30,084 [Worker-32: Launching mavenrun-d149d4a0-f045-4bc7-9cda-367429ca5f76] INFO  o.eclipse.m2e.core.internal.Bundles - 	Entry: C:\eclipse\plugins\org.eclipse.m2e.maven.runtime_3.8.604.20221130-2149\jars\aether-connector-okhttp-0.17.8.jar
2023-04-21 12:08:30,085 [Worker-32: Launching mavenrun-d149d4a0-f045-4bc7-9cda-367429ca5f76] INFO  o.eclipse.m2e.core.internal.Bundles - 	Entry: C:\eclipse\plugins\org.eclipse.m2e.maven.runtime_3.8.604.20221130-2149\jars\commons-cli-1.4.jar
2023-04-21 12:08:30,085 [Worker-32: Launching mavenrun-d149d4a0-f045-4bc7-9cda-367429ca5f76] INFO  o.eclipse.m2e.core.internal.Bundles - 	Entry: C:\eclipse\plugins\org.eclipse.m2e.maven.runtime_3.8.604.20221130-2149\jars\commons-io-2.6.jar
2023-04-21 12:08:30,085 [Worker-32: Launching mavenrun-d149d4a0-f045-4bc7-9cda-367429ca5f76] INFO  o.eclipse.m2e.core.internal.Bundles - 	Entry: C:\eclipse\plugins\org.eclipse.m2e.maven.runtime_3.8.604.20221130-2149\jars\commons-lang3-3.8.1.jar
2023-04-21 12:08:30,086 [Worker-32: Launching mavenrun-d149d4a0-f045-4bc7-9cda-367429ca5f76] INFO  o.eclipse.m2e.core.internal.Bundles - 	Entry: C:\eclipse\plugins\org.eclipse.m2e.maven.runtime_3.8.604.20221130-2149\jars\guice-4.2.2-no_aop.jar
2023-04-21 12:08:30,086 [Worker-32: Launching mavenrun-d149d4a0-f045-4bc7-9cda-367429ca5f76] INFO  o.eclipse.m2e.core.internal.Bundles - 	Entry: C:\eclipse\plugins\org.eclipse.m2e.maven.runtime_3.8.604.20221130-2149\jars\jansi-2.4.0.jar
2023-04-21 12:08:30,087 [Worker-32: Launching mavenrun-d149d4a0-f045-4bc7-9cda-367429ca5f76] INFO  o.eclipse.m2e.core.internal.Bundles - 	Entry: C:\eclipse\plugins\org.eclipse.m2e.maven.runtime_3.8.604.20221130-2149\jars\maven-artifact-3.8.6.jar
2023-04-21 12:08:30,087 [Worker-32: Launching mavenrun-d149d4a0-f045-4bc7-9cda-367429ca5f76] INFO  o.eclipse.m2e.core.internal.Bundles - 	Entry: C:\eclipse\plugins\org.eclipse.m2e.maven.runtime_3.8.604.20221130-2149\jars\maven-builder-support-3.8.6.jar
2023-04-21 12:08:30,087 [Worker-32: Launching mavenrun-d149d4a0-f045-4bc7-9cda-367429ca5f76] INFO  o.eclipse.m2e.core.internal.Bundles - 	Entry: C:\eclipse\plugins\org.eclipse.m2e.maven.runtime_3.8.604.20221130-2149\jars\maven-compat-3.8.6.jar
2023-04-21 12:08:30,088 [Worker-32: Launching mavenrun-d149d4a0-f045-4bc7-9cda-367429ca5f76] INFO  o.eclipse.m2e.core.internal.Bundles - 	Entry: C:\eclipse\plugins\org.eclipse.m2e.maven.runtime_3.8.604.20221130-2149\jars\maven-core-3.8.6.jar
2023-04-21 12:08:30,088 [Worker-32: Launching mavenrun-d149d4a0-f045-4bc7-9cda-367429ca5f76] INFO  o.eclipse.m2e.core.internal.Bundles - 	Entry: C:\eclipse\plugins\org.eclipse.m2e.maven.runtime_3.8.604.20221130-2149\jars\maven-embedder-3.8.6.jar
2023-04-21 12:08:30,089 [Worker-32: Launching mavenrun-d149d4a0-f045-4bc7-9cda-367429ca5f76] INFO  o.eclipse.m2e.core.internal.Bundles - 	Entry: C:\eclipse\plugins\org.eclipse.m2e.maven.runtime_3.8.604.20221130-2149\jars\maven-model-3.8.6.jar
2023-04-21 12:08:30,089 [Worker-32: Launching mavenrun-d149d4a0-f045-4bc7-9cda-367429ca5f76] INFO  o.eclipse.m2e.core.internal.Bundles - 	Entry: C:\eclipse\plugins\org.eclipse.m2e.maven.runtime_3.8.604.20221130-2149\jars\maven-model-builder-3.8.6.jar
2023-04-21 12:08:30,089 [Worker-32: Launching mavenrun-d149d4a0-f045-4bc7-9cda-367429ca5f76] INFO  o.eclipse.m2e.core.internal.Bundles - 	Entry: C:\eclipse\plugins\org.eclipse.m2e.maven.runtime_3.8.604.20221130-2149\jars\maven-plugin-api-3.8.6.jar
2023-04-21 12:08:30,090 [Worker-32: Launching mavenrun-d149d4a0-f045-4bc7-9cda-367429ca5f76] INFO  o.eclipse.m2e.core.internal.Bundles - 	Entry: C:\eclipse\plugins\org.eclipse.m2e.maven.runtime_3.8.604.20221130-2149\jars\maven-repository-metadata-3.8.6.jar
2023-04-21 12:08:30,090 [Worker-32: Launching mavenrun-d149d4a0-f045-4bc7-9cda-367429ca5f76] INFO  o.eclipse.m2e.core.internal.Bundles - 	Entry: C:\eclipse\plugins\org.eclipse.m2e.maven.runtime_3.8.604.20221130-2149\jars\maven-resolver-api-1.6.3.jar
2023-04-21 12:08:30,090 [Worker-32: Launching mavenrun-d149d4a0-f045-4bc7-9cda-367429ca5f76] INFO  o.eclipse.m2e.core.internal.Bundles - 	Entry: C:\eclipse\plugins\org.eclipse.m2e.maven.runtime_3.8.604.20221130-2149\jars\maven-resolver-connector-basic-1.6.3.jar
2023-04-21 12:08:30,091 [Worker-32: Launching mavenrun-d149d4a0-f045-4bc7-9cda-367429ca5f76] INFO  o.eclipse.m2e.core.internal.Bundles - 	Entry: C:\eclipse\plugins\org.eclipse.m2e.maven.runtime_3.8.604.20221130-2149\jars\maven-resolver-impl-1.6.3.jar
2023-04-21 12:08:30,091 [Worker-32: Launching mavenrun-d149d4a0-f045-4bc7-9cda-367429ca5f76] INFO  o.eclipse.m2e.core.internal.Bundles - 	Entry: C:\eclipse\plugins\org.eclipse.m2e.maven.runtime_3.8.604.20221130-2149\jars\maven-resolver-provider-3.8.6.jar
2023-04-21 12:08:30,091 [Worker-32: Launching mavenrun-d149d4a0-f045-4bc7-9cda-367429ca5f76] INFO  o.eclipse.m2e.core.internal.Bundles - 	Entry: C:\eclipse\plugins\org.eclipse.m2e.maven.runtime_3.8.604.20221130-2149\jars\maven-resolver-spi-1.6.3.jar
2023-04-21 12:08:30,092 [Worker-32: Launching mavenrun-d149d4a0-f045-4bc7-9cda-367429ca5f76] INFO  o.eclipse.m2e.core.internal.Bundles - 	Entry: C:\eclipse\plugins\org.eclipse.m2e.maven.runtime_3.8.604.20221130-2149\jars\maven-resolver-transport-wagon-1.6.3.jar
2023-04-21 12:08:30,092 [Worker-32: Launching mavenrun-d149d4a0-f045-4bc7-9cda-367429ca5f76] INFO  o.eclipse.m2e.core.internal.Bundles - 	Entry: C:\eclipse\plugins\org.eclipse.m2e.maven.runtime_3.8.604.20221130-2149\jars\maven-resolver-util-1.6.3.jar
2023-04-21 12:08:30,093 [Worker-32: Launching mavenrun-d149d4a0-f045-4bc7-9cda-367429ca5f76] INFO  o.eclipse.m2e.core.internal.Bundles - 	Entry: C:\eclipse\plugins\org.eclipse.m2e.maven.runtime_3.8.604.20221130-2149\jars\maven-settings-3.8.6.jar
2023-04-21 12:08:30,099 [Worker-32: Launching mavenrun-d149d4a0-f045-4bc7-9cda-367429ca5f76] INFO  o.eclipse.m2e.core.internal.Bundles - 	Entry: C:\eclipse\plugins\org.eclipse.m2e.maven.runtime_3.8.604.20221130-2149\jars\maven-settings-builder-3.8.6.jar
2023-04-21 12:08:30,101 [Worker-32: Launching mavenrun-d149d4a0-f045-4bc7-9cda-367429ca5f76] INFO  o.eclipse.m2e.core.internal.Bundles - 	Entry: C:\eclipse\plugins\org.eclipse.m2e.maven.runtime_3.8.604.20221130-2149\jars\maven-shared-utils-3.3.4.jar
2023-04-21 12:08:30,101 [Worker-32: Launching mavenrun-d149d4a0-f045-4bc7-9cda-367429ca5f76] INFO  o.eclipse.m2e.core.internal.Bundles - 	Entry: C:\eclipse\plugins\org.eclipse.m2e.maven.runtime_3.8.604.20221130-2149\jars\okhttp-3.14.1.jar
2023-04-21 12:08:30,102 [Worker-32: Launching mavenrun-d149d4a0-f045-4bc7-9cda-367429ca5f76] INFO  o.eclipse.m2e.core.internal.Bundles - 	Entry: C:\eclipse\plugins\org.eclipse.m2e.maven.runtime_3.8.604.20221130-2149\jars\okio-1.17.3.jar
2023-04-21 12:08:30,102 [Worker-32: Launching mavenrun-d149d4a0-f045-4bc7-9cda-367429ca5f76] INFO  o.eclipse.m2e.core.internal.Bundles - 	Entry: C:\eclipse\plugins\org.eclipse.m2e.maven.runtime_3.8.604.20221130-2149\jars\org.eclipse.sisu.inject-0.3.5.jar
2023-04-21 12:08:30,102 [Worker-32: Launching mavenrun-d149d4a0-f045-4bc7-9cda-367429ca5f76] INFO  o.eclipse.m2e.core.internal.Bundles - 	Entry: C:\eclipse\plugins\org.eclipse.m2e.maven.runtime_3.8.604.20221130-2149\jars\org.eclipse.sisu.plexus-0.3.5.jar
2023-04-21 12:08:30,102 [Worker-32: Launching mavenrun-d149d4a0-f045-4bc7-9cda-367429ca5f76] INFO  o.eclipse.m2e.core.internal.Bundles - 	Entry: C:\eclipse\plugins\org.eclipse.m2e.maven.runtime_3.8.604.20221130-2149\jars\plexus-build-api-0.0.7.jar
2023-04-21 12:08:30,103 [Worker-32: Launching mavenrun-d149d4a0-f045-4bc7-9cda-367429ca5f76] INFO  o.eclipse.m2e.core.internal.Bundles - 	Entry: C:\eclipse\plugins\org.eclipse.m2e.maven.runtime_3.8.604.20221130-2149\jars\plexus-cipher-2.0.jar
2023-04-21 12:08:30,103 [Worker-32: Launching mavenrun-d149d4a0-f045-4bc7-9cda-367429ca5f76] INFO  o.eclipse.m2e.core.internal.Bundles - 	Entry: C:\eclipse\plugins\org.eclipse.m2e.maven.runtime_3.8.604.20221130-2149\jars\plexus-classworlds-2.6.0.jar
2023-04-21 12:08:30,103 [Worker-32: Launching mavenrun-d149d4a0-f045-4bc7-9cda-367429ca5f76] INFO  o.eclipse.m2e.core.internal.Bundles - 	Entry: C:\eclipse\plugins\org.eclipse.m2e.maven.runtime_3.8.604.20221130-2149\jars\plexus-component-annotations-2.1.0.jar
2023-04-21 12:08:30,103 [Worker-32: Launching mavenrun-d149d4a0-f045-4bc7-9cda-367429ca5f76] INFO  o.eclipse.m2e.core.internal.Bundles - 	Entry: C:\eclipse\plugins\org.eclipse.m2e.maven.runtime_3.8.604.20221130-2149\jars\plexus-interpolation-1.26.jar
2023-04-21 12:08:30,104 [Worker-32: Launching mavenrun-d149d4a0-f045-4bc7-9cda-367429ca5f76] INFO  o.eclipse.m2e.core.internal.Bundles - 	Entry: C:\eclipse\plugins\org.eclipse.m2e.maven.runtime_3.8.604.20221130-2149\jars\plexus-sec-dispatcher-2.0.jar
2023-04-21 12:08:30,104 [Worker-32: Launching mavenrun-d149d4a0-f045-4bc7-9cda-367429ca5f76] INFO  o.eclipse.m2e.core.internal.Bundles - 	Entry: C:\eclipse\plugins\org.eclipse.m2e.maven.runtime_3.8.604.20221130-2149\jars\plexus-utils-3.3.1.jar
2023-04-21 12:08:30,105 [Worker-32: Launching mavenrun-d149d4a0-f045-4bc7-9cda-367429ca5f76] INFO  o.eclipse.m2e.core.internal.Bundles - 	Entry: C:\eclipse\plugins\org.eclipse.m2e.maven.runtime_3.8.604.20221130-2149\jars\wagon-file-3.5.1.jar
2023-04-21 12:08:30,105 [Worker-32: Launching mavenrun-d149d4a0-f045-4bc7-9cda-367429ca5f76] INFO  o.eclipse.m2e.core.internal.Bundles - 	Entry: C:\eclipse\plugins\org.eclipse.m2e.maven.runtime_3.8.604.20221130-2149\jars\wagon-provider-api-3.5.1.jar
2023-04-21 12:08:30,108 [Worker-32: Launching mavenrun-d149d4a0-f045-4bc7-9cda-367429ca5f76] INFO  o.eclipse.m2e.core.internal.Bundles - getClasspathEntries(Bundle=com.google.guava_30.1.0.v20221112-0806 [8])
2023-04-21 12:08:30,111 [Worker-32: Launching mavenrun-d149d4a0-f045-4bc7-9cda-367429ca5f76] INFO  o.eclipse.m2e.core.internal.Bundles - 	Entry: C:\eclipse\plugins\com.google.guava_30.1.0.v20221112-0806.jar
2023-04-21 12:08:30,111 [Worker-32: Launching mavenrun-d149d4a0-f045-4bc7-9cda-367429ca5f76] INFO  o.eclipse.m2e.core.internal.Bundles - getClasspathEntries(Bundle=slf4j.api_1.7.36 [434])
2023-04-21 12:08:30,112 [Worker-32: Launching mavenrun-d149d4a0-f045-4bc7-9cda-367429ca5f76] INFO  o.eclipse.m2e.core.internal.Bundles - 	Entry: C:\eclipse\plugins\slf4j.api_1.7.36.jar
2023-04-21 12:08:30,113 [Worker-32: Launching mavenrun-d149d4a0-f045-4bc7-9cda-367429ca5f76] INFO  o.eclipse.m2e.core.internal.Bundles - getClasspathEntries(Bundle=javax.inject_1.0.0.v20220405-0441 [18])
2023-04-21 12:08:30,116 [Worker-32: Launching mavenrun-d149d4a0-f045-4bc7-9cda-367429ca5f76] INFO  o.eclipse.m2e.core.internal.Bundles - 	Entry: C:\eclipse\plugins\javax.inject_1.0.0.v20220405-0441.jar
2023-04-21 12:08:30,116 [Worker-32: Launching mavenrun-d149d4a0-f045-4bc7-9cda-367429ca5f76] INFO  o.eclipse.m2e.core.internal.Bundles - getClasspathEntries(Bundle=javax.annotation_1.3.5.v20221112-0806 [16])
2023-04-21 12:08:30,117 [Worker-32: Launching mavenrun-d149d4a0-f045-4bc7-9cda-367429ca5f76] INFO  o.eclipse.m2e.core.internal.Bundles - 	Entry: C:\eclipse\plugins\javax.annotation_1.3.5.v20221112-0806.jar
2023-04-21 12:08:30,130 [Worker-32: Launching mavenrun-d149d4a0-f045-4bc7-9cda-367429ca5f76] INFO  o.e.m.i.launch.MavenLaunchDelegate - Run build in "C:\Users\alexl\AppData\Local\Temp\m2e-archetypeGenerator9770598880673118016":
2023-04-21 12:08:30,135 [Worker-32: Launching mavenrun-d149d4a0-f045-4bc7-9cda-367429ca5f76] INFO  o.e.m.i.launch.MavenLaunchDelegate -  mvn  -Djavafx-version=19.0.2.1 -Djavafx-maven-plugin-version=0.0.6 -Dadd-debug-configuration=N -DarchetypeGroupId=org.openjfx -DarchetypeArtifactId=javafx-archetype-fxml -DarchetypeVersion=0.0.6 -DgroupId=iut.gon -DartifactId=tp3 -Dversion=0.0.1-SNAPSHOT -Dpackage=tp3 -DoutputDirectory=C:\Users\alexl\Documents\AAAA_docs\iut\s2\r2.02_ihm\tps\fx_22200954 -Dstyle.color=always -U archetype:generate
2023-04-21 12:10:34,798 [Worker-6: Loading available Gradle versions] INFO  o.e.b.c.i.u.g.PublishedGradleVersions - Gradle version information cache is up-to-date. Trying to read.
2023-04-21 12:12:55,505 [Worker-23: Launching mavenrun-14ee7657-d175-4612-a1dc-bb4dad5443b9] INFO  o.eclipse.m2e.core.internal.Bundles - getClasspathEntries(Bundle=org.eclipse.m2e.maven.runtime_3.8.604.20221130-2149 [270])
2023-04-21 12:12:55,514 [Worker-23: Launching mavenrun-14ee7657-d175-4612-a1dc-bb4dad5443b9] INFO  o.eclipse.m2e.core.internal.Bundles - 	Entry: C:\eclipse\plugins\org.eclipse.m2e.maven.runtime_3.8.604.20221130-2149
2023-04-21 12:12:55,515 [Worker-23: Launching mavenrun-14ee7657-d175-4612-a1dc-bb4dad5443b9] INFO  o.eclipse.m2e.core.internal.Bundles - 	Entry: C:\eclipse\plugins\org.eclipse.m2e.maven.runtime_3.8.604.20221130-2149\jars\aether-connector-okhttp-0.17.8.jar
2023-04-21 12:12:55,516 [Worker-23: Launching mavenrun-14ee7657-d175-4612-a1dc-bb4dad5443b9] INFO  o.eclipse.m2e.core.internal.Bundles - 	Entry: C:\eclipse\plugins\org.eclipse.m2e.maven.runtime_3.8.604.20221130-2149\jars\commons-cli-1.4.jar
2023-04-21 12:12:55,516 [Worker-23: Launching mavenrun-14ee7657-d175-4612-a1dc-bb4dad5443b9] INFO  o.eclipse.m2e.core.internal.Bundles - 	Entry: C:\eclipse\plugins\org.eclipse.m2e.maven.runtime_3.8.604.20221130-2149\jars\commons-io-2.6.jar
2023-04-21 12:12:55,517 [Worker-23: Launching mavenrun-14ee7657-d175-4612-a1dc-bb4dad5443b9] INFO  o.eclipse.m2e.core.internal.Bundles - 	Entry: C:\eclipse\plugins\org.eclipse.m2e.maven.runtime_3.8.604.20221130-2149\jars\commons-lang3-3.8.1.jar
2023-04-21 12:12:55,517 [Worker-23: Launching mavenrun-14ee7657-d175-4612-a1dc-bb4dad5443b9] INFO  o.eclipse.m2e.core.internal.Bundles - 	Entry: C:\eclipse\plugins\org.eclipse.m2e.maven.runtime_3.8.604.20221130-2149\jars\guice-4.2.2-no_aop.jar
2023-04-21 12:12:55,518 [Worker-23: Launching mavenrun-14ee7657-d175-4612-a1dc-bb4dad5443b9] INFO  o.eclipse.m2e.core.internal.Bundles - 	Entry: C:\eclipse\plugins\org.eclipse.m2e.maven.runtime_3.8.604.20221130-2149\jars\jansi-2.4.0.jar
2023-04-21 12:12:55,518 [Worker-23: Launching mavenrun-14ee7657-d175-4612-a1dc-bb4dad5443b9] INFO  o.eclipse.m2e.core.internal.Bundles - 	Entry: C:\eclipse\plugins\org.eclipse.m2e.maven.runtime_3.8.604.20221130-2149\jars\maven-artifact-3.8.6.jar
2023-04-21 12:12:55,519 [Worker-23: Launching mavenrun-14ee7657-d175-4612-a1dc-bb4dad5443b9] INFO  o.eclipse.m2e.core.internal.Bundles - 	Entry: C:\eclipse\plugins\org.eclipse.m2e.maven.runtime_3.8.604.20221130-2149\jars\maven-builder-support-3.8.6.jar
2023-04-21 12:12:55,519 [Worker-23: Launching mavenrun-14ee7657-d175-4612-a1dc-bb4dad5443b9] INFO  o.eclipse.m2e.core.internal.Bundles - 	Entry: C:\eclipse\plugins\org.eclipse.m2e.maven.runtime_3.8.604.20221130-2149\jars\maven-compat-3.8.6.jar
2023-04-21 12:12:55,519 [Worker-23: Launching mavenrun-14ee7657-d175-4612-a1dc-bb4dad5443b9] INFO  o.eclipse.m2e.core.internal.Bundles - 	Entry: C:\eclipse\plugins\org.eclipse.m2e.maven.runtime_3.8.604.20221130-2149\jars\maven-core-3.8.6.jar
2023-04-21 12:12:55,520 [Worker-23: Launching mavenrun-14ee7657-d175-4612-a1dc-bb4dad5443b9] INFO  o.eclipse.m2e.core.internal.Bundles - 	Entry: C:\eclipse\plugins\org.eclipse.m2e.maven.runtime_3.8.604.20221130-2149\jars\maven-embedder-3.8.6.jar
2023-04-21 12:12:55,520 [Worker-23: Launching mavenrun-14ee7657-d175-4612-a1dc-bb4dad5443b9] INFO  o.eclipse.m2e.core.internal.Bundles - 	Entry: C:\eclipse\plugins\org.eclipse.m2e.maven.runtime_3.8.604.20221130-2149\jars\maven-model-3.8.6.jar
2023-04-21 12:12:55,520 [Worker-23: Launching mavenrun-14ee7657-d175-4612-a1dc-bb4dad5443b9] INFO  o.eclipse.m2e.core.internal.Bundles - 	Entry: C:\eclipse\plugins\org.eclipse.m2e.maven.runtime_3.8.604.20221130-2149\jars\maven-model-builder-3.8.6.jar
2023-04-21 12:12:55,521 [Worker-23: Launching mavenrun-14ee7657-d175-4612-a1dc-bb4dad5443b9] INFO  o.eclipse.m2e.core.internal.Bundles - 	Entry: C:\eclipse\plugins\org.eclipse.m2e.maven.runtime_3.8.604.20221130-2149\jars\maven-plugin-api-3.8.6.jar
2023-04-21 12:12:55,521 [Worker-23: Launching mavenrun-14ee7657-d175-4612-a1dc-bb4dad5443b9] INFO  o.eclipse.m2e.core.internal.Bundles - 	Entry: C:\eclipse\plugins\org.eclipse.m2e.maven.runtime_3.8.604.20221130-2149\jars\maven-repository-metadata-3.8.6.jar
2023-04-21 12:12:55,522 [Worker-23: Launching mavenrun-14ee7657-d175-4612-a1dc-bb4dad5443b9] INFO  o.eclipse.m2e.core.internal.Bundles - 	Entry: C:\eclipse\plugins\org.eclipse.m2e.maven.runtime_3.8.604.20221130-2149\jars\maven-resolver-api-1.6.3.jar
2023-04-21 12:12:55,522 [Worker-23: Launching mavenrun-14ee7657-d175-4612-a1dc-bb4dad5443b9] INFO  o.eclipse.m2e.core.internal.Bundles - 	Entry: C:\eclipse\plugins\org.eclipse.m2e.maven.runtime_3.8.604.20221130-2149\jars\maven-resolver-connector-basic-1.6.3.jar
2023-04-21 12:12:55,522 [Worker-23: Launching mavenrun-14ee7657-d175-4612-a1dc-bb4dad5443b9] INFO  o.eclipse.m2e.core.internal.Bundles - 	Entry: C:\eclipse\plugins\org.eclipse.m2e.maven.runtime_3.8.604.20221130-2149\jars\maven-resolver-impl-1.6.3.jar
2023-04-21 12:12:55,522 [Worker-23: Launching mavenrun-14ee7657-d175-4612-a1dc-bb4dad5443b9] INFO  o.eclipse.m2e.core.internal.Bundles - 	Entry: C:\eclipse\plugins\org.eclipse.m2e.maven.runtime_3.8.604.20221130-2149\jars\maven-resolver-provider-3.8.6.jar
2023-04-21 12:12:55,524 [Worker-23: Launching mavenrun-14ee7657-d175-4612-a1dc-bb4dad5443b9] INFO  o.eclipse.m2e.core.internal.Bundles - 	Entry: C:\eclipse\plugins\org.eclipse.m2e.maven.runtime_3.8.604.20221130-2149\jars\maven-resolver-spi-1.6.3.jar
2023-04-21 12:12:55,524 [Worker-23: Launching mavenrun-14ee7657-d175-4612-a1dc-bb4dad5443b9] INFO  o.eclipse.m2e.core.internal.Bundles - 	Entry: C:\eclipse\plugins\org.eclipse.m2e.maven.runtime_3.8.604.20221130-2149\jars\maven-resolver-transport-wagon-1.6.3.jar
2023-04-21 12:12:55,524 [Worker-23: Launching mavenrun-14ee7657-d175-4612-a1dc-bb4dad5443b9] INFO  o.eclipse.m2e.core.internal.Bundles - 	Entry: C:\eclipse\plugins\org.eclipse.m2e.maven.runtime_3.8.604.20221130-2149\jars\maven-resolver-util-1.6.3.jar
2023-04-21 12:12:55,525 [Worker-23: Launching mavenrun-14ee7657-d175-4612-a1dc-bb4dad5443b9] INFO  o.eclipse.m2e.core.internal.Bundles - 	Entry: C:\eclipse\plugins\org.eclipse.m2e.maven.runtime_3.8.604.20221130-2149\jars\maven-settings-3.8.6.jar
2023-04-21 12:12:55,525 [Worker-23: Launching mavenrun-14ee7657-d175-4612-a1dc-bb4dad5443b9] INFO  o.eclipse.m2e.core.internal.Bundles - 	Entry: C:\eclipse\plugins\org.eclipse.m2e.maven.runtime_3.8.604.20221130-2149\jars\maven-settings-builder-3.8.6.jar
2023-04-21 12:12:55,525 [Worker-23: Launching mavenrun-14ee7657-d175-4612-a1dc-bb4dad5443b9] INFO  o.eclipse.m2e.core.internal.Bundles - 	Entry: C:\eclipse\plugins\org.eclipse.m2e.maven.runtime_3.8.604.20221130-2149\jars\maven-shared-utils-3.3.4.jar
2023-04-21 12:12:55,526 [Worker-23: Launching mavenrun-14ee7657-d175-4612-a1dc-bb4dad5443b9] INFO  o.eclipse.m2e.core.internal.Bundles - 	Entry: C:\eclipse\plugins\org.eclipse.m2e.maven.runtime_3.8.604.20221130-2149\jars\okhttp-3.14.1.jar
2023-04-21 12:12:55,526 [Worker-23: Launching mavenrun-14ee7657-d175-4612-a1dc-bb4dad5443b9] INFO  o.eclipse.m2e.core.internal.Bundles - 	Entry: C:\eclipse\plugins\org.eclipse.m2e.maven.runtime_3.8.604.20221130-2149\jars\okio-1.17.3.jar
2023-04-21 12:12:55,527 [Worker-23: Launching mavenrun-14ee7657-d175-4612-a1dc-bb4dad5443b9] INFO  o.eclipse.m2e.core.internal.Bundles - 	Entry: C:\eclipse\plugins\org.eclipse.m2e.maven.runtime_3.8.604.20221130-2149\jars\org.eclipse.sisu.inject-0.3.5.jar
2023-04-21 12:12:55,527 [Worker-23: Launching mavenrun-14ee7657-d175-4612-a1dc-bb4dad5443b9] INFO  o.eclipse.m2e.core.internal.Bundles - 	Entry: C:\eclipse\plugins\org.eclipse.m2e.maven.runtime_3.8.604.20221130-2149\jars\org.eclipse.sisu.plexus-0.3.5.jar
2023-04-21 12:12:55,527 [Worker-23: Launching mavenrun-14ee7657-d175-4612-a1dc-bb4dad5443b9] INFO  o.eclipse.m2e.core.internal.Bundles - 	Entry: C:\eclipse\plugins\org.eclipse.m2e.maven.runtime_3.8.604.20221130-2149\jars\plexus-build-api-0.0.7.jar
2023-04-21 12:12:55,528 [Worker-23: Launching mavenrun-14ee7657-d175-4612-a1dc-bb4dad5443b9] INFO  o.eclipse.m2e.core.internal.Bundles - 	Entry: C:\eclipse\plugins\org.eclipse.m2e.maven.runtime_3.8.604.20221130-2149\jars\plexus-cipher-2.0.jar
2023-04-21 12:12:55,528 [Worker-23: Launching mavenrun-14ee7657-d175-4612-a1dc-bb4dad5443b9] INFO  o.eclipse.m2e.core.internal.Bundles - 	Entry: C:\eclipse\plugins\org.eclipse.m2e.maven.runtime_3.8.604.20221130-2149\jars\plexus-classworlds-2.6.0.jar
2023-04-21 12:12:55,528 [Worker-23: Launching mavenrun-14ee7657-d175-4612-a1dc-bb4dad5443b9] INFO  o.eclipse.m2e.core.internal.Bundles - 	Entry: C:\eclipse\plugins\org.eclipse.m2e.maven.runtime_3.8.604.20221130-2149\jars\plexus-component-annotations-2.1.0.jar
2023-04-21 12:12:55,529 [Worker-23: Launching mavenrun-14ee7657-d175-4612-a1dc-bb4dad5443b9] INFO  o.eclipse.m2e.core.internal.Bundles - 	Entry: C:\eclipse\plugins\org.eclipse.m2e.maven.runtime_3.8.604.20221130-2149\jars\plexus-interpolation-1.26.jar
2023-04-21 12:12:55,529 [Worker-23: Launching mavenrun-14ee7657-d175-4612-a1dc-bb4dad5443b9] INFO  o.eclipse.m2e.core.internal.Bundles - 	Entry: C:\eclipse\plugins\org.eclipse.m2e.maven.runtime_3.8.604.20221130-2149\jars\plexus-sec-dispatcher-2.0.jar
2023-04-21 12:12:55,530 [Worker-23: Launching mavenrun-14ee7657-d175-4612-a1dc-bb4dad5443b9] INFO  o.eclipse.m2e.core.internal.Bundles - 	Entry: C:\eclipse\plugins\org.eclipse.m2e.maven.runtime_3.8.604.20221130-2149\jars\plexus-utils-3.3.1.jar
2023-04-21 12:12:55,530 [Worker-23: Launching mavenrun-14ee7657-d175-4612-a1dc-bb4dad5443b9] INFO  o.eclipse.m2e.core.internal.Bundles - 	Entry: C:\eclipse\plugins\org.eclipse.m2e.maven.runtime_3.8.604.20221130-2149\jars\wagon-file-3.5.1.jar
2023-04-21 12:12:55,530 [Worker-23: Launching mavenrun-14ee7657-d175-4612-a1dc-bb4dad5443b9] INFO  o.eclipse.m2e.core.internal.Bundles - 	Entry: C:\eclipse\plugins\org.eclipse.m2e.maven.runtime_3.8.604.20221130-2149\jars\wagon-provider-api-3.5.1.jar
2023-04-21 12:12:55,534 [Worker-23: Launching mavenrun-14ee7657-d175-4612-a1dc-bb4dad5443b9] INFO  o.eclipse.m2e.core.internal.Bundles - getClasspathEntries(Bundle=com.google.guava_30.1.0.v20221112-0806 [8])
2023-04-21 12:12:55,536 [Worker-23: Launching mavenrun-14ee7657-d175-4612-a1dc-bb4dad5443b9] INFO  o.eclipse.m2e.core.internal.Bundles - 	Entry: C:\eclipse\plugins\com.google.guava_30.1.0.v20221112-0806.jar
2023-04-21 12:12:55,536 [Worker-23: Launching mavenrun-14ee7657-d175-4612-a1dc-bb4dad5443b9] INFO  o.eclipse.m2e.core.internal.Bundles - getClasspathEntries(Bundle=slf4j.api_1.7.36 [434])
2023-04-21 12:12:55,537 [Worker-23: Launching mavenrun-14ee7657-d175-4612-a1dc-bb4dad5443b9] INFO  o.eclipse.m2e.core.internal.Bundles - 	Entry: C:\eclipse\plugins\slf4j.api_1.7.36.jar
2023-04-21 12:12:55,537 [Worker-23: Launching mavenrun-14ee7657-d175-4612-a1dc-bb4dad5443b9] INFO  o.eclipse.m2e.core.internal.Bundles - getClasspathEntries(Bundle=javax.inject_1.0.0.v20220405-0441 [18])
2023-04-21 12:12:55,538 [Worker-23: Launching mavenrun-14ee7657-d175-4612-a1dc-bb4dad5443b9] INFO  o.eclipse.m2e.core.internal.Bundles - 	Entry: C:\eclipse\plugins\javax.inject_1.0.0.v20220405-0441.jar
2023-04-21 12:12:55,538 [Worker-23: Launching mavenrun-14ee7657-d175-4612-a1dc-bb4dad5443b9] INFO  o.eclipse.m2e.core.internal.Bundles - getClasspathEntries(Bundle=javax.annotation_1.3.5.v20221112-0806 [16])
2023-04-21 12:12:55,540 [Worker-23: Launching mavenrun-14ee7657-d175-4612-a1dc-bb4dad5443b9] INFO  o.eclipse.m2e.core.internal.Bundles - 	Entry: C:\eclipse\plugins\javax.annotation_1.3.5.v20221112-0806.jar
2023-04-21 12:12:55,549 [Worker-23: Launching mavenrun-14ee7657-d175-4612-a1dc-bb4dad5443b9] INFO  o.e.m.i.launch.MavenLaunchDelegate - Run build in "C:\Users\alexl\AppData\Local\Temp\m2e-archetypeGenerator12169668504119367714":
2023-04-21 12:12:55,556 [Worker-23: Launching mavenrun-14ee7657-d175-4612-a1dc-bb4dad5443b9] INFO  o.e.m.i.launch.MavenLaunchDelegate -  mvn  -Djavafx-version=13 -Djavafx-maven-plugin-version=19.0.2.1 -Dadd-debug-configuration=N -DarchetypeGroupId=org.openjfx -DarchetypeArtifactId=javafx-archetype-fxml -DarchetypeVersion=0.0.6 -DgroupId=iut.gon -DartifactId=tp3 -Dversion=0.0.1-SNAPSHOT -Dpackage=tp3 -DoutputDirectory=C:\Users\alexl\Documents\AAAA_docs\iut\s2\r2.02_ihm\tps\fx_22200954 -Dstyle.color=always -U archetype:generate
2023-04-21 12:13:07,733 [Worker-8: Creating javafx-archetype-fxml] INFO  o.e.m.c.i.p.ProjectConfigurationManager - Collecting project info '/pom.xml' C:\Users\alexl\Documents\AAAA_docs\iut\s2\r2.02_ihm\tps\fx_22200954\tp3\pom.xml
2023-04-21 12:13:08,886 [Worker-8: Creating javafx-archetype-fxml] INFO  o.e.m.c.i.l.LifecycleMappingFactory - Using org.eclipse.m2e.jdt.JarLifecycleMapping lifecycle mapping for MavenProject: iut.gon:tp3:0.0.1-SNAPSHOT @ C:\Users\alexl\Documents\AAAA_docs\iut\s2\r2.02_ihm\tps\fx_22200954\tp3\pom.xml.
2023-04-21 12:13:08,990 [Worker-8: Creating javafx-archetype-fxml] INFO  o.e.m.c.i.e.AbstractTransferListenerAdapter - Downloading https://repo.maven.apache.org/maven2/org/openjfx/javafx-controls/13/javafx-controls-13.pom
2023-04-21 12:13:09,019 [Worker-8: Creating javafx-archetype-fxml] INFO  o.e.m.c.i.e.AbstractTransferListenerAdapter - Downloaded https://repo.maven.apache.org/maven2/org/openjfx/javafx-controls/13/javafx-controls-13.pom
2023-04-21 12:13:09,043 [Worker-8: Creating javafx-archetype-fxml] INFO  o.e.m.c.i.e.AbstractTransferListenerAdapter - Downloading https://repo.maven.apache.org/maven2/org/openjfx/javafx/13/javafx-13.pom
2023-04-21 12:13:09,071 [Worker-8: Creating javafx-archetype-fxml] INFO  o.e.m.c.i.e.AbstractTransferListenerAdapter - Downloaded https://repo.maven.apache.org/maven2/org/openjfx/javafx/13/javafx-13.pom
2023-04-21 12:13:09,097 [Worker-8: Creating javafx-archetype-fxml] INFO  o.e.m.c.i.e.AbstractTransferListenerAdapter - Downloading https://repo.maven.apache.org/maven2/org/openjfx/javafx-graphics/13/javafx-graphics-13.pom
2023-04-21 12:13:09,115 [Worker-8: Creating javafx-archetype-fxml] INFO  o.e.m.c.i.e.AbstractTransferListenerAdapter - Downloaded https://repo.maven.apache.org/maven2/org/openjfx/javafx-graphics/13/javafx-graphics-13.pom
2023-04-21 12:13:09,135 [Worker-8: Creating javafx-archetype-fxml] INFO  o.e.m.c.i.e.AbstractTransferListenerAdapter - Downloading https://repo.maven.apache.org/maven2/org/openjfx/javafx-base/13/javafx-base-13.pom
2023-04-21 12:13:09,153 [Worker-8: Creating javafx-archetype-fxml] INFO  o.e.m.c.i.e.AbstractTransferListenerAdapter - Downloaded https://repo.maven.apache.org/maven2/org/openjfx/javafx-base/13/javafx-base-13.pom
2023-04-21 12:13:09,175 [Worker-8: Creating javafx-archetype-fxml] INFO  o.e.m.c.i.e.AbstractTransferListenerAdapter - Downloading https://repo.maven.apache.org/maven2/org/openjfx/javafx-fxml/13/javafx-fxml-13.pom
2023-04-21 12:13:09,196 [Worker-8: Creating javafx-archetype-fxml] INFO  o.e.m.c.i.e.AbstractTransferListenerAdapter - Downloaded https://repo.maven.apache.org/maven2/org/openjfx/javafx-fxml/13/javafx-fxml-13.pom
2023-04-21 12:13:09,223 [AetherRepositoryConnector-repo.maven.apache.org-0-4] INFO  o.e.m.c.i.e.AbstractTransferListenerAdapter - Downloading https://repo.maven.apache.org/maven2/org/openjfx/javafx-base/13/javafx-base-13.jar
2023-04-21 12:13:09,229 [AetherRepositoryConnector-repo.maven.apache.org-0-1] INFO  o.e.m.c.i.e.AbstractTransferListenerAdapter - Downloading https://repo.maven.apache.org/maven2/org/openjfx/javafx-controls/13/javafx-controls-13-win.jar
2023-04-21 12:13:09,243 [AetherRepositoryConnector-repo.maven.apache.org-0-0] INFO  o.e.m.c.i.e.AbstractTransferListenerAdapter - Downloading https://repo.maven.apache.org/maven2/org/openjfx/javafx-controls/13/javafx-controls-13.jar
2023-04-21 12:13:09,250 [AetherRepositoryConnector-repo.maven.apache.org-0-3] INFO  o.e.m.c.i.e.AbstractTransferListenerAdapter - Downloading https://repo.maven.apache.org/maven2/org/openjfx/javafx-graphics/13/javafx-graphics-13-win.jar
2023-04-21 12:13:09,265 [AetherRepositoryConnector-repo.maven.apache.org-0-2] INFO  o.e.m.c.i.e.AbstractTransferListenerAdapter - Downloading https://repo.maven.apache.org/maven2/org/openjfx/javafx-graphics/13/javafx-graphics-13.jar
2023-04-21 12:13:09,272 [AetherRepositoryConnector-repo.maven.apache.org-0-4] INFO  o.e.m.c.i.e.AbstractTransferListenerAdapter - Downloaded https://repo.maven.apache.org/maven2/org/openjfx/javafx-base/13/javafx-base-13.jar
2023-04-21 12:13:09,287 [AetherRepositoryConnector-repo.maven.apache.org-0-0] INFO  o.e.m.c.i.e.AbstractTransferListenerAdapter - Downloaded https://repo.maven.apache.org/maven2/org/openjfx/javafx-controls/13/javafx-controls-13.jar
2023-04-21 12:13:09,309 [AetherRepositoryConnector-repo.maven.apache.org-0-4] INFO  o.e.m.c.i.e.AbstractTransferListenerAdapter - Downloading https://repo.maven.apache.org/maven2/org/openjfx/javafx-base/13/javafx-base-13-win.jar
2023-04-21 12:13:09,311 [AetherRepositoryConnector-repo.maven.apache.org-0-0] INFO  o.e.m.c.i.e.AbstractTransferListenerAdapter - Downloading https://repo.maven.apache.org/maven2/org/openjfx/javafx-fxml/13/javafx-fxml-13.jar
2023-04-21 12:13:09,313 [AetherRepositoryConnector-repo.maven.apache.org-0-2] INFO  o.e.m.c.i.e.AbstractTransferListenerAdapter - Downloaded https://repo.maven.apache.org/maven2/org/openjfx/javafx-graphics/13/javafx-graphics-13.jar
2023-04-21 12:13:09,339 [AetherRepositoryConnector-repo.maven.apache.org-0-2] INFO  o.e.m.c.i.e.AbstractTransferListenerAdapter - Downloading https://repo.maven.apache.org/maven2/org/openjfx/javafx-fxml/13/javafx-fxml-13-win.jar
2023-04-21 12:13:09,343 [AetherRepositoryConnector-repo.maven.apache.org-0-0] INFO  o.e.m.c.i.e.AbstractTransferListenerAdapter - Downloaded https://repo.maven.apache.org/maven2/org/openjfx/javafx-fxml/13/javafx-fxml-13.jar
2023-04-21 12:13:09,421 [AetherRepositoryConnector-repo.maven.apache.org-0-2] INFO  o.e.m.c.i.e.AbstractTransferListenerAdapter - Downloaded https://repo.maven.apache.org/maven2/org/openjfx/javafx-fxml/13/javafx-fxml-13-win.jar
2023-04-21 12:13:09,516 [AetherRepositoryConnector-repo.maven.apache.org-0-4] INFO  o.e.m.c.i.e.AbstractTransferListenerAdapter - Downloaded https://repo.maven.apache.org/maven2/org/openjfx/javafx-base/13/javafx-base-13-win.jar
2023-04-21 12:13:09,626 [AetherRepositoryConnector-repo.maven.apache.org-0-1] INFO  o.e.m.c.i.e.AbstractTransferListenerAdapter - Downloaded https://repo.maven.apache.org/maven2/org/openjfx/javafx-controls/13/javafx-controls-13-win.jar
2023-04-21 12:13:09,736 [AetherRepositoryConnector-repo.maven.apache.org-0-3] INFO  o.e.m.c.i.e.AbstractTransferListenerAdapter - Downloaded https://repo.maven.apache.org/maven2/org/openjfx/javafx-graphics/13/javafx-graphics-13-win.jar
2023-04-21 12:13:10,524 [Worker-8: Creating javafx-archetype-fxml] INFO  o.e.m.j.i.AbstractJavaProjectConfigurator - Adding source folder /tp3/src/main/java
2023-04-21 12:13:10,525 [Worker-8: Creating javafx-archetype-fxml] INFO  o.e.m.j.i.AbstractJavaProjectConfigurator - Adding resource folder /tp3/src/main/resources
2023-04-21 12:13:10,531 [Worker-8: Creating javafx-archetype-fxml] INFO  o.e.m.j.i.AbstractJavaProjectConfigurator - Adding source folder /tp3/src/test/java
2023-04-21 12:13:11,358 [Worker-24: Download sources and javadoc] INFO  o.e.m.c.i.e.AbstractTransferListenerAdapter - Downloading https://repo.maven.apache.org/maven2/org/openjfx/javafx-controls/13/javafx-controls-13-sources.jar
2023-04-21 12:13:11,379 [Worker-8: Creating javafx-archetype-fxml] INFO  o.e.m.c.i.p.ProjectConfigurationManager - Imported and configured 1 project(s) in 3 sec
2023-04-21 12:13:11,444 [Worker-24: Download sources and javadoc] INFO  o.e.m.c.i.e.AbstractTransferListenerAdapter - Downloaded https://repo.maven.apache.org/maven2/org/openjfx/javafx-controls/13/javafx-controls-13-sources.jar
2023-04-21 12:13:11,448 [Worker-24: Download sources and javadoc] INFO  o.e.m.j.internal.DownloadSourcesJob - Downloaded sources for org.openjfx:javafx-controls:13
2023-04-21 12:13:11,455 [Worker-24: Download sources and javadoc] INFO  o.e.m.j.internal.DownloadSourcesJob - Downloaded sources for org.openjfx:javafx-controls:13win
2023-04-21 12:13:11,520 [Worker-24: Download sources and javadoc] INFO  o.e.m.c.i.e.AbstractTransferListenerAdapter - Downloading https://repo.maven.apache.org/maven2/org/openjfx/javafx-graphics/13/javafx-graphics-13-sources.jar
2023-04-21 12:13:11,748 [Worker-24: Download sources and javadoc] INFO  o.e.m.c.i.e.AbstractTransferListenerAdapter - Downloaded https://repo.maven.apache.org/maven2/org/openjfx/javafx-graphics/13/javafx-graphics-13-sources.jar
2023-04-21 12:13:11,752 [Worker-24: Download sources and javadoc] INFO  o.e.m.j.internal.DownloadSourcesJob - Downloaded sources for org.openjfx:javafx-graphics:13
2023-04-21 12:13:11,756 [Worker-24: Download sources and javadoc] INFO  o.e.m.j.internal.DownloadSourcesJob - Downloaded sources for org.openjfx:javafx-graphics:13win
2023-04-21 12:13:11,803 [Worker-24: Download sources and javadoc] INFO  o.e.m.c.i.e.AbstractTransferListenerAdapter - Downloading https://repo.maven.apache.org/maven2/org/openjfx/javafx-base/13/javafx-base-13-sources.jar
2023-04-21 12:13:11,870 [Worker-24: Download sources and javadoc] INFO  o.e.m.c.i.e.AbstractTransferListenerAdapter - Downloaded https://repo.maven.apache.org/maven2/org/openjfx/javafx-base/13/javafx-base-13-sources.jar
2023-04-21 12:13:11,873 [Worker-24: Download sources and javadoc] INFO  o.e.m.j.internal.DownloadSourcesJob - Downloaded sources for org.openjfx:javafx-base:13
2023-04-21 12:13:11,877 [Worker-24: Download sources and javadoc] INFO  o.e.m.j.internal.DownloadSourcesJob - Downloaded sources for org.openjfx:javafx-base:13win
2023-04-21 12:13:11,926 [Worker-24: Download sources and javadoc] INFO  o.e.m.c.i.e.AbstractTransferListenerAdapter - Downloading https://repo.maven.apache.org/maven2/org/openjfx/javafx-fxml/13/javafx-fxml-13-sources.jar
2023-04-21 12:13:11,955 [Worker-24: Download sources and javadoc] INFO  o.e.m.c.i.e.AbstractTransferListenerAdapter - Downloaded https://repo.maven.apache.org/maven2/org/openjfx/javafx-fxml/13/javafx-fxml-13-sources.jar
2023-04-21 12:13:11,960 [Worker-24: Download sources and javadoc] INFO  o.e.m.j.internal.DownloadSourcesJob - Downloaded sources for org.openjfx:javafx-fxml:13
2023-04-21 12:13:11,964 [Worker-24: Download sources and javadoc] INFO  o.e.m.j.internal.DownloadSourcesJob - Downloaded sources for org.openjfx:javafx-fxml:13win
2023-04-21 12:13:12,931 [Worker-24: Building] INFO  o.e.m.c.i.embedder.EclipseLogger - Using 'UTF-8' encoding to copy filtered resources.
2023-04-21 12:13:12,937 [Worker-24: Building] INFO  o.e.m.c.i.embedder.EclipseLogger - Copying 2 resources
2023-04-21 12:13:12,966 [Worker-24: Building] INFO  o.e.m.c.i.embedder.EclipseLogger - Using 'UTF-8' encoding to copy filtered resources.
2023-04-21 12:13:12,966 [Worker-24: Building] INFO  o.e.m.c.i.embedder.EclipseLogger - skip non existing resourceDirectory C:\Users\alexl\Documents\AAAA_docs\iut\s2\r2.02_ihm\tps\fx_22200954\tp3\src\test\resources
2023-04-21 12:14:37,725 [Worker-24: Building] INFO  o.e.m.c.i.embedder.EclipseLogger - Using 'UTF-8' encoding to copy filtered resources.
2023-04-21 12:14:37,731 [Worker-24: Building] INFO  o.e.m.c.i.embedder.EclipseLogger - Copying 2 resources
2023-04-21 12:14:37,740 [Worker-24: Building] INFO  o.e.m.c.i.embedder.EclipseLogger - Using 'UTF-8' encoding to copy filtered resources.
2023-04-21 12:14:37,740 [Worker-24: Building] INFO  o.e.m.c.i.embedder.EclipseLogger - skip non existing resourceDirectory C:\Users\alexl\Documents\AAAA_docs\iut\s2\r2.02_ihm\tps\fx_22200954\tp3\src\test\resources
2023-04-21 12:14:46,584 [Worker-14: Building] INFO  o.e.m.c.i.embedder.EclipseLogger - Using 'UTF-8' encoding to copy filtered resources.
2023-04-21 12:14:46,586 [Worker-14: Building] INFO  o.e.m.c.i.embedder.EclipseLogger - Copying 0 resource
2023-04-21 12:14:46,589 [Worker-14: Building] INFO  o.e.m.c.i.embedder.EclipseLogger - Using 'UTF-8' encoding to copy filtered resources.
2023-04-21 12:14:46,589 [Worker-14: Building] INFO  o.e.m.c.i.embedder.EclipseLogger - skip non existing resourceDirectory C:\Users\alexl\Documents\AAAA_docs\iut\s2\r2.02_ihm\tps\fx_22200954\tp3\src\test\resources
2023-04-21 12:14:51,327 [Worker-24: Building] INFO  o.e.m.c.i.embedder.EclipseLogger - Using 'UTF-8' encoding to copy filtered resources.
2023-04-21 12:14:51,329 [Worker-24: Building] INFO  o.e.m.c.i.embedder.EclipseLogger - Copying 2 resources
2023-04-21 12:14:51,341 [Worker-24: Building] INFO  o.e.m.c.i.embedder.EclipseLogger - Using 'UTF-8' encoding to copy filtered resources.
2023-04-21 12:14:51,341 [Worker-24: Building] INFO  o.e.m.c.i.embedder.EclipseLogger - skip non existing resourceDirectory C:\Users\alexl\Documents\AAAA_docs\iut\s2\r2.02_ihm\tps\fx_22200954\tp3\src\test\resources
2023-04-21 12:15:00,089 [Worker-23: Building] INFO  o.e.m.c.i.embedder.EclipseLogger - Using 'UTF-8' encoding to copy filtered resources.
2023-04-21 12:15:00,090 [Worker-23: Building] INFO  o.e.m.c.i.embedder.EclipseLogger - Copying 2 resources
2023-04-21 12:15:00,103 [Worker-23: Building] INFO  o.e.m.c.i.embedder.EclipseLogger - Using 'UTF-8' encoding to copy filtered resources.
2023-04-21 12:15:00,103 [Worker-23: Building] INFO  o.e.m.c.i.embedder.EclipseLogger - skip non existing resourceDirectory C:\Users\alexl\Documents\AAAA_docs\iut\s2\r2.02_ihm\tps\fx_22200954\tp3\src\test\resources
2023-04-21 12:15:17,380 [Worker-32: Building] INFO  o.e.m.c.i.embedder.EclipseLogger - Using 'UTF-8' encoding to copy filtered resources.
2023-04-21 12:15:17,382 [Worker-32: Building] INFO  o.e.m.c.i.embedder.EclipseLogger - Copying 2 resources
2023-04-21 12:15:17,395 [Worker-32: Building] INFO  o.e.m.c.i.embedder.EclipseLogger - Using 'UTF-8' encoding to copy filtered resources.
2023-04-21 12:15:17,396 [Worker-32: Building] INFO  o.e.m.c.i.embedder.EclipseLogger - skip non existing resourceDirectory C:\Users\alexl\Documents\AAAA_docs\iut\s2\r2.02_ihm\tps\fx_22200954\tp3\src\test\resources
